2025-07-01 16:32:49,386 - INFO - DEBUT DU PIPELINE ETL COMPLET
2025-07-01 16:32:49,386 - INFO - Horodatage: 2025-07-01 16:32:49
2025-07-01 16:32:49,386 - INFO - VERIFICATION DES PREREQUIS
2025-07-01 16:32:55,631 - INFO - Dependances Python installees
2025-07-01 16:32:55,631 - INFO - Repertoire existant: ../raw_data
2025-07-01 16:32:55,631 - INFO - Repertoire existant: ../processed
2025-07-01 16:32:55,631 - INFO - Repertoire existant: ../logs
2025-07-01 16:32:55,631 - INFO - 
ETAPE: Extraction
2025-07-01 16:32:55,631 - INFO - 
============================================================
2025-07-01 16:32:55,631 - INFO - EXECUTION: Extraction automatisee des donnees COVID-19 et MPOX
2025-07-01 16:32:55,631 - INFO - Script: 01_extract.py
2025-07-01 16:32:55,631 - INFO - ============================================================
2025-07-01 16:32:55,705 - INFO - Sortie standard:
2025-07-01 16:32:55,706 - INFO -   ================================================================================
2025-07-01 16:32:55,706 - INFO -   EXTRACTEUR DE DONNEES PANDEMIQUES - MSPR PROJECT
2025-07-01 16:32:55,706 - INFO -   ================================================================================
2025-07-01 16:32:55,706 - INFO -   Sources configurees:
2025-07-01 16:32:55,706 - INFO -     • Donnees COVID-19 Worldometer
2025-07-01 16:32:55,706 - INFO -       Donnees quotidiennes COVID-19 par pays
2025-07-01 16:32:55,706 - INFO -       URL: https://raw.githubusercontent.com/owid/covid-19-data/master/public/data/owid-covid-data.csv
2025-07-01 16:32:55,706 - INFO -     • Donnees MPOX Our World in Data
2025-07-01 16:32:55,706 - INFO -       Donnees quotidiennes MPOX par pays
2025-07-01 16:32:55,706 - INFO -       URL: https://raw.githubusercontent.com/owid/monkeypox/main/owid-monkeypox-data.csv
2025-07-01 16:32:55,706 - INFO -   2025-07-01 16:32:55,698 - INFO - DEBUT DE L'EXTRACTION AUTOMATISEE
2025-07-01 16:32:55,706 - INFO -   2025-07-01 16:32:55,698 - INFO - Repertoire de destination: /Users/rahma/Documents/MSPR2/ETL/scripts/../raw_data
2025-07-01 16:32:55,706 - INFO -   2025-07-01 16:32:55,698 - INFO - 
2025-07-01 16:32:55,706 - INFO -   ============================================================
2025-07-01 16:32:55,706 - INFO -   2025-07-01 16:32:55,698 - INFO - EXTRACTION: Donnees COVID-19 Worldometer
2025-07-01 16:32:55,706 - INFO -   2025-07-01 16:32:55,698 - INFO - URL: https://raw.githubusercontent.com/owid/covid-19-data/master/public/data/owid-covid-data.csv
2025-07-01 16:32:55,706 - INFO -   2025-07-01 16:32:55,698 - INFO - Fichier: worldometer_coronavirus_daily_data.csv
2025-07-01 16:32:55,706 - INFO -   2025-07-01 16:32:55,698 - INFO - ============================================================
2025-07-01 16:32:55,706 - INFO -   2025-07-01 16:32:55,698 - INFO - Fichier worldometer_coronavirus_daily_data.csv existe deja
2025-07-01 16:32:55,706 - INFO -   2025-07-01 16:32:55,698 - INFO - Integrite verifiee pour worldometer_coronavirus_daily_data.csv (93.83MB)
2025-07-01 16:32:55,706 - INFO -   2025-07-01 16:32:55,698 - INFO - Fichier existant valide, pas de re-telechargement
2025-07-01 16:32:55,706 - INFO -   2025-07-01 16:32:55,698 - INFO - SUCCES: Donnees COVID-19 Worldometer - EXTRACTION REUSSIE
2025-07-01 16:32:55,706 - INFO -   2025-07-01 16:32:55,698 - INFO - 
2025-07-01 16:32:55,706 - INFO -   ============================================================
2025-07-01 16:32:55,706 - INFO -   2025-07-01 16:32:55,698 - INFO - EXTRACTION: Donnees MPOX Our World in Data
2025-07-01 16:32:55,706 - INFO -   2025-07-01 16:32:55,698 - INFO - URL: https://raw.githubusercontent.com/owid/monkeypox/main/owid-monkeypox-data.csv
2025-07-01 16:32:55,706 - INFO -   2025-07-01 16:32:55,698 - INFO - Fichier: owid-monkeypox-data.csv
2025-07-01 16:32:55,706 - INFO -   2025-07-01 16:32:55,698 - INFO - ============================================================
2025-07-01 16:32:55,706 - INFO -   2025-07-01 16:32:55,698 - INFO - Fichier owid-monkeypox-data.csv existe deja
2025-07-01 16:32:55,706 - INFO -   2025-07-01 16:32:55,698 - INFO - Integrite verifiee pour owid-monkeypox-data.csv (9.26MB)
2025-07-01 16:32:55,706 - INFO -   2025-07-01 16:32:55,698 - INFO - Fichier existant valide, pas de re-telechargement
2025-07-01 16:32:55,706 - INFO -   2025-07-01 16:32:55,698 - INFO - SUCCES: Donnees MPOX Our World in Data - EXTRACTION REUSSIE
2025-07-01 16:32:55,706 - INFO -   2025-07-01 16:32:55,698 - INFO - 
2025-07-01 16:32:55,706 - INFO -   ============================================================
2025-07-01 16:32:55,706 - INFO -   2025-07-01 16:32:55,698 - INFO - RESUME DE L'EXTRACTION
2025-07-01 16:32:55,706 - INFO -   2025-07-01 16:32:55,698 - INFO - ============================================================
2025-07-01 16:32:55,706 - INFO -   2025-07-01 16:32:55,698 - INFO - Donnees COVID-19 Worldometer: REUSSI
2025-07-01 16:32:55,706 - INFO -   2025-07-01 16:32:55,698 - INFO - Donnees MPOX Our World in Data: REUSSI
2025-07-01 16:32:55,706 - INFO -   2025-07-01 16:32:55,698 - INFO - Temps total: 0.00 secondes
2025-07-01 16:32:55,706 - INFO -   2025-07-01 16:32:55,698 - INFO - EXTRACTION COMPLETE - TOUTES LES SOURCES TELECHARGEES
2025-07-01 16:32:55,706 - INFO -   Extraction terminee avec succes!
2025-07-01 16:32:55,706 - INFO - SUCCES: Extraction automatisee des donnees COVID-19 et MPOX - REUSSI (0.07s)
2025-07-01 16:32:55,706 - INFO - 
ETAPE: Profiling
2025-07-01 16:32:55,706 - INFO - 
============================================================
2025-07-01 16:32:55,706 - INFO - EXECUTION: Profiling et analyse des donnees brutes
2025-07-01 16:32:55,706 - INFO - Script: 02_profile.py
2025-07-01 16:32:55,706 - INFO - ============================================================
2025-07-01 16:33:03,852 - INFO - Sortie standard:
2025-07-01 16:33:03,852 - INFO -   DEBUT du profiling et de l'analyse exploratoire des fichiers CSV...
2025-07-01 16:33:03,852 - INFO -   Dossier des graphiques: ../graphs
2025-07-01 16:33:03,852 - INFO -   Rapport d'interpretation: ../logs/interpretation_report_20250701_163257.md
2025-07-01 16:33:03,852 - INFO -   --- Profiling covid ---
2025-07-01 16:33:03,852 - INFO -   Shape: (429435, 67)
2025-07-01 16:33:03,852 - INFO -   Colonnes: ['iso_code', 'continent', 'location', 'date', 'total_cases', 'new_cases', 'new_cases_smoothed', 'total_deaths', 'new_deaths', 'new_deaths_smoothed', 'total_cases_per_million', 'new_cases_per_million', 'new_cases_smoothed_per_million', 'total_deaths_per_million', 'new_deaths_per_million', 'new_deaths_smoothed_per_million', 'reproduction_rate', 'icu_patients', 'icu_patients_per_million', 'hosp_patients', 'hosp_patients_per_million', 'weekly_icu_admissions', 'weekly_icu_admissions_per_million', 'weekly_hosp_admissions', 'weekly_hosp_admissions_per_million', 'total_tests', 'new_tests', 'total_tests_per_thousand', 'new_tests_per_thousand', 'new_tests_smoothed', 'new_tests_smoothed_per_thousand', 'positive_rate', 'tests_per_case', 'tests_units', 'total_vaccinations', 'people_vaccinated', 'people_fully_vaccinated', 'total_boosters', 'new_vaccinations', 'new_vaccinations_smoothed', 'total_vaccinations_per_hundred', 'people_vaccinated_per_hundred', 'people_fully_vaccinated_per_hundred', 'total_boosters_per_hundred', 'new_vaccinations_smoothed_per_million', 'new_people_vaccinated_smoothed', 'new_people_vaccinated_smoothed_per_hundred', 'stringency_index', 'population_density', 'median_age', 'aged_65_older', 'aged_70_older', 'gdp_per_capita', 'extreme_poverty', 'cardiovasc_death_rate', 'diabetes_prevalence', 'female_smokers', 'male_smokers', 'handwashing_facilities', 'hospital_beds_per_thousand', 'life_expectancy', 'human_development_index', 'population', 'excess_mortality_cumulative_absolute', 'excess_mortality_cumulative', 'excess_mortality', 'excess_mortality_cumulative_per_million']
2025-07-01 16:33:03,852 - INFO -   Types:
2025-07-01 16:33:03,852 - INFO -   iso_code                                    object
2025-07-01 16:33:03,852 - INFO -   continent                                   object
2025-07-01 16:33:03,852 - INFO -   location                                    object
2025-07-01 16:33:03,852 - INFO -   date                                        object
2025-07-01 16:33:03,852 - INFO -   total_cases                                float64
2025-07-01 16:33:03,852 - INFO -                                               ...   
2025-07-01 16:33:03,852 - INFO -   population                                   int64
2025-07-01 16:33:03,852 - INFO -   excess_mortality_cumulative_absolute       float64
2025-07-01 16:33:03,852 - INFO -   excess_mortality_cumulative                float64
2025-07-01 16:33:03,852 - INFO -   excess_mortality                           float64
2025-07-01 16:33:03,852 - INFO -   excess_mortality_cumulative_per_million    float64
2025-07-01 16:33:03,852 - INFO -   Length: 67, dtype: object
2025-07-01 16:33:03,852 - INFO -   Valeurs manquantes par colonne:
2025-07-01 16:33:03,852 - INFO -   iso_code                                        0
2025-07-01 16:33:03,852 - INFO -   continent                                   26525
2025-07-01 16:33:03,852 - INFO -   location                                        0
2025-07-01 16:33:03,852 - INFO -   date                                            0
2025-07-01 16:33:03,852 - INFO -   total_cases                                 17631
2025-07-01 16:33:03,852 - INFO -                                               ...  
2025-07-01 16:33:03,852 - INFO -   population                                      0
2025-07-01 16:33:03,852 - INFO -   excess_mortality_cumulative_absolute       416024
2025-07-01 16:33:03,852 - INFO -   excess_mortality_cumulative                416024
2025-07-01 16:33:03,852 - INFO -   excess_mortality                           416024
2025-07-01 16:33:03,853 - INFO -   excess_mortality_cumulative_per_million    416024
2025-07-01 16:33:03,853 - INFO -   Length: 67, dtype: int64
2025-07-01 16:33:03,853 - INFO -   Premieres lignes:
2025-07-01 16:33:03,853 - INFO -     iso_code continent  ... excess_mortality excess_mortality_cumulative_per_million
2025-07-01 16:33:03,853 - INFO -   0      AFG      Asia  ...              NaN                                     NaN
2025-07-01 16:33:03,853 - INFO -   1      AFG      Asia  ...              NaN                                     NaN
2025-07-01 16:33:03,853 - INFO -   2      AFG      Asia  ...              NaN                                     NaN
2025-07-01 16:33:03,853 - INFO -   [3 rows x 67 columns]
2025-07-01 16:33:03,853 - INFO -   Statistiques descriptives:
2025-07-01 16:33:03,853 - INFO -           iso_code  ... excess_mortality_cumulative_per_million
2025-07-01 16:33:03,853 - INFO -   count     429435  ...                                 13411.0
2025-07-01 16:33:03,853 - INFO -   unique       255  ...                                     NaN
2025-07-01 16:33:03,853 - INFO -   top     OWID_HIC  ...                                     NaN
2025-07-01 16:33:03,853 - INFO -   [3 rows x 67 columns]
2025-07-01 16:33:03,853 - INFO -   Doublons (lignes identiques): 0
2025-07-01 16:33:03,853 - INFO -   [GRAPHIQUES] Creation des visualisations pour covid...
2025-07-01 16:33:03,853 - INFO -   [SUCCES] Visualisations sauvegardees: ../graphs/covid_analysis.png
2025-07-01 16:33:03,853 - INFO -   [SUCCES] Interpretations sauvegardees: ../logs/interpretation_report_20250701_163257.md
2025-07-01 16:33:03,853 - INFO -   --- Profiling mpox ---
2025-07-01 16:33:03,853 - INFO -   Shape: (123852, 15)
2025-07-01 16:33:03,853 - INFO -   Colonnes: ['location', 'date', 'iso_code', 'total_cases', 'total_deaths', 'new_cases', 'new_deaths', 'new_cases_smoothed', 'new_deaths_smoothed', 'new_cases_per_million', 'total_cases_per_million', 'new_cases_smoothed_per_million', 'new_deaths_per_million', 'total_deaths_per_million', 'new_deaths_smoothed_per_million']
2025-07-01 16:33:03,853 - INFO -   Types:
2025-07-01 16:33:03,853 - INFO -   location                            object
2025-07-01 16:33:03,853 - INFO -   date                                object
2025-07-01 16:33:03,853 - INFO -   iso_code                            object
2025-07-01 16:33:03,853 - INFO -   total_cases                        float64
2025-07-01 16:33:03,853 - INFO -   total_deaths                       float64
2025-07-01 16:33:03,853 - INFO -   new_cases                          float64
2025-07-01 16:33:03,853 - INFO -   new_deaths                         float64
2025-07-01 16:33:03,853 - INFO -   new_cases_smoothed                 float64
2025-07-01 16:33:03,853 - INFO -   new_deaths_smoothed                float64
2025-07-01 16:33:03,853 - INFO -   new_cases_per_million              float64
2025-07-01 16:33:03,853 - INFO -   total_cases_per_million            float64
2025-07-01 16:33:03,853 - INFO -   new_cases_smoothed_per_million     float64
2025-07-01 16:33:03,853 - INFO -   new_deaths_per_million             float64
2025-07-01 16:33:03,853 - INFO -   total_deaths_per_million           float64
2025-07-01 16:33:03,853 - INFO -   new_deaths_smoothed_per_million    float64
2025-07-01 16:33:03,853 - INFO -   dtype: object
2025-07-01 16:33:03,853 - INFO -   Valeurs manquantes par colonne:
2025-07-01 16:33:03,853 - INFO -   location                              0
2025-07-01 16:33:03,853 - INFO -   date                                  0
2025-07-01 16:33:03,853 - INFO -   iso_code                           1128
2025-07-01 16:33:03,853 - INFO -   total_cases                           1
2025-07-01 16:33:03,853 - INFO -   total_deaths                          1
2025-07-01 16:33:03,853 - INFO -   new_cases                             1
2025-07-01 16:33:03,853 - INFO -   new_deaths                            1
2025-07-01 16:33:03,853 - INFO -   new_cases_smoothed                    1
2025-07-01 16:33:03,853 - INFO -   new_deaths_smoothed                   1
2025-07-01 16:33:03,853 - INFO -   new_cases_per_million                 1
2025-07-01 16:33:03,853 - INFO -   total_cases_per_million               1
2025-07-01 16:33:03,853 - INFO -   new_cases_smoothed_per_million        1
2025-07-01 16:33:03,853 - INFO -   new_deaths_per_million                1
2025-07-01 16:33:03,853 - INFO -   total_deaths_per_million              1
2025-07-01 16:33:03,853 - INFO -   new_deaths_smoothed_per_million       1
2025-07-01 16:33:03,853 - INFO -   dtype: int64
2025-07-01 16:33:03,853 - INFO -   Premieres lignes:
2025-07-01 16:33:03,853 - INFO -     location  ... new_deaths_smoothed_per_million
2025-07-01 16:33:03,853 - INFO -   0   Africa  ...                             0.0
2025-07-01 16:33:03,853 - INFO -   1   Africa  ...                             0.0
2025-07-01 16:33:03,853 - INFO -   2   Africa  ...                             0.0
2025-07-01 16:33:03,853 - INFO -   [3 rows x 15 columns]
2025-07-01 16:33:03,853 - INFO -   Statistiques descriptives:
2025-07-01 16:33:03,853 - INFO -          location  ... new_deaths_smoothed_per_million
2025-07-01 16:33:03,853 - INFO -   count    123852  ...                        123851.0
2025-07-01 16:33:03,853 - INFO -   unique      144  ...                             NaN
2025-07-01 16:33:03,853 - INFO -   top      Africa  ...                             NaN
2025-07-01 16:33:03,853 - INFO -   [3 rows x 15 columns]
2025-07-01 16:33:03,853 - INFO -   Doublons (lignes identiques): 0
2025-07-01 16:33:03,853 - INFO -   [GRAPHIQUES] Creation des visualisations pour mpox...
2025-07-01 16:33:03,853 - INFO -   [SUCCES] Visualisations sauvegardees: ../graphs/mpox_analysis.png
2025-07-01 16:33:03,853 - INFO -   [SUCCES] Interpretations sauvegardees: ../logs/interpretation_report_20250701_163257.md
2025-07-01 16:33:03,853 - INFO -   [COMPARAISON] Creation de l'analyse comparative...
2025-07-01 16:33:03,853 - INFO -   [SUCCES] Analyse comparative sauvegardee: ../graphs/comparative_analysis.png
2025-07-01 16:33:03,853 - INFO -   SUCCES: Profiling termine!
2025-07-01 16:33:03,853 - INFO -   Rapport detaille: ../logs/profiling_report_20250701_163257.txt
2025-07-01 16:33:03,853 - INFO -   Rapport d'interpretation: ../logs/interpretation_report_20250701_163257.md
2025-07-01 16:33:03,853 - INFO -   Graphiques sauvegardes dans: ../graphs
2025-07-01 16:33:03,853 - INFO -   Fichiers generes:
2025-07-01 16:33:03,853 - INFO -      • covid_analysis.png
2025-07-01 16:33:03,853 - INFO -      • mpox_analysis.png
2025-07-01 16:33:03,853 - INFO -      • comparative_analysis.png
2025-07-01 16:33:03,853 - INFO - SUCCES: Profiling et analyse des donnees brutes - REUSSI (8.15s)
2025-07-01 16:33:03,853 - INFO - 
ETAPE: Transformation
2025-07-01 16:33:03,854 - INFO - 
============================================================
2025-07-01 16:33:03,854 - INFO - EXECUTION: Transformation et nettoyage des donnees
2025-07-01 16:33:03,854 - INFO - Script: 03_transform.py
2025-07-01 16:33:03,854 - INFO - ============================================================
2025-07-01 16:33:08,838 - INFO - Sortie standard:
2025-07-01 16:33:08,839 - INFO -   Donnees COVID chargees: (429435, 67)
2025-07-01 16:33:08,839 - INFO -   Donnees MPOX chargees: (123852, 15)
2025-07-01 16:33:08,839 - INFO -   Colonnes COVID: ['iso_code', 'continent', 'location', 'date', 'total_cases', 'new_cases', 'new_cases_smoothed', 'total_deaths', 'new_deaths', 'new_deaths_smoothed', 'total_cases_per_million', 'new_cases_per_million', 'new_cases_smoothed_per_million', 'total_deaths_per_million', 'new_deaths_per_million', 'new_deaths_smoothed_per_million', 'reproduction_rate', 'icu_patients', 'icu_patients_per_million', 'hosp_patients', 'hosp_patients_per_million', 'weekly_icu_admissions', 'weekly_icu_admissions_per_million', 'weekly_hosp_admissions', 'weekly_hosp_admissions_per_million', 'total_tests', 'new_tests', 'total_tests_per_thousand', 'new_tests_per_thousand', 'new_tests_smoothed', 'new_tests_smoothed_per_thousand', 'positive_rate', 'tests_per_case', 'tests_units', 'total_vaccinations', 'people_vaccinated', 'people_fully_vaccinated', 'total_boosters', 'new_vaccinations', 'new_vaccinations_smoothed', 'total_vaccinations_per_hundred', 'people_vaccinated_per_hundred', 'people_fully_vaccinated_per_hundred', 'total_boosters_per_hundred', 'new_vaccinations_smoothed_per_million', 'new_people_vaccinated_smoothed', 'new_people_vaccinated_smoothed_per_hundred', 'stringency_index', 'population_density', 'median_age', 'aged_65_older', 'aged_70_older', 'gdp_per_capita', 'extreme_poverty', 'cardiovasc_death_rate', 'diabetes_prevalence', 'female_smokers', 'male_smokers', 'handwashing_facilities', 'hospital_beds_per_thousand', 'life_expectancy', 'human_development_index', 'population', 'excess_mortality_cumulative_absolute', 'excess_mortality_cumulative', 'excess_mortality', 'excess_mortality_cumulative_per_million']
2025-07-01 16:33:08,839 - INFO -   Colonnes MPOX: ['location', 'date', 'iso_code', 'total_cases', 'total_deaths', 'new_cases', 'new_deaths', 'new_cases_smoothed', 'new_deaths_smoothed', 'new_cases_per_million', 'total_cases_per_million', 'new_cases_smoothed_per_million', 'new_deaths_per_million', 'total_deaths_per_million', 'new_deaths_smoothed_per_million']
2025-07-01 16:33:08,839 - INFO -   Attention : population manquante pour 25 pays : ['England' 'European Union (27)' 'Guernsey' 'Guinea-Bissau'
2025-07-01 16:33:08,839 - INFO -    'High-income countries' 'Hong Kong' 'Jersey' 'Kosovo'
2025-07-01 16:33:08,839 - INFO -    'Low-income countries' 'Lower-middle-income countries' 'Macao'
2025-07-01 16:33:08,839 - INFO -    'North Korea' 'Northern Cyprus' 'Northern Ireland'
2025-07-01 16:33:08,839 - INFO -    'Northern Mariana Islands' 'Palestine' 'Pitcairn' 'Scotland' 'Tokelau'
2025-07-01 16:33:08,839 - INFO -    'Turkmenistan' 'Tuvalu' 'United States Virgin Islands'
2025-07-01 16:33:08,839 - INFO -    'Upper-middle-income countries' 'Vatican' 'Wales']
2025-07-01 16:33:08,839 - INFO -   Attention : population manquante pour 1 pays : ['Kosovo']
2025-07-01 16:33:08,839 - INFO -   Attention : code ISO manquant pour 8 pays : ['England' 'Hong Kong' 'Macao' 'Northern Cyprus' 'Northern Ireland'
2025-07-01 16:33:08,839 - INFO -    'Scotland' 'United States Virgin Islands' 'Wales']
2025-07-01 16:33:08,839 - INFO -   Transformation terminee. Fichiers generes dans processed/.
2025-07-01 16:33:08,839 - INFO -   COVID: 810278 lignes
2025-07-01 16:33:08,839 - INFO -   MPOX: 247702 lignes
2025-07-01 16:33:08,839 - INFO -   Pays valides dans dim_country: 235 pays
2025-07-01 16:33:08,839 - INFO - SUCCES: Transformation et nettoyage des donnees - REUSSI (4.98s)
2025-07-01 16:33:08,839 - INFO - 
VERIFICATION FINALE DES SORTIES
2025-07-01 16:33:08,839 - INFO - 
VERIFICATION DES FICHIERS DE SORTIE
2025-07-01 16:33:08,839 - INFO - FICHIER PRESENT: ../raw_data/worldometer_coronavirus_daily_data.csv (93.83MB)
2025-07-01 16:33:08,839 - INFO - FICHIER PRESENT: ../raw_data/owid-monkeypox-data.csv (9.26MB)
2025-07-01 16:33:08,839 - INFO - FICHIER PRESENT: ../processed/fact_covid_history.csv (54.06MB)
2025-07-01 16:33:08,839 - INFO - FICHIER PRESENT: ../processed/fact_mpox_history.csv (15.92MB)
2025-07-01 16:33:08,839 - INFO - FICHIER PRESENT: ../processed/dim_country.csv (0.01MB)
2025-07-01 16:33:08,839 - INFO - FICHIER PRESENT: ../processed/dim_indicator.csv (0.00MB)
2025-07-01 16:33:08,839 - INFO - 
============================================================
2025-07-01 16:33:08,839 - INFO - RESUME DU PIPELINE ETL
2025-07-01 16:33:08,839 - INFO - ============================================================
2025-07-01 16:33:08,839 - INFO - EXTRACTION: REUSSI
2025-07-01 16:33:08,839 - INFO - PROFILING: REUSSI
2025-07-01 16:33:08,839 - INFO - TRANSFORMATION: REUSSI
2025-07-01 16:33:08,839 - INFO - VERIFICATION: REUSSI
2025-07-01 16:33:08,839 - INFO - Temps total: 19.45 secondes
2025-07-01 16:33:08,839 - INFO - PIPELINE ETL COMPLET - TOUTES LES ETAPES REUSSIES
