2025-07-01 16:32:55,698 - INFO - DEBUT DE L'EXTRACTION AUTOMATISEE
2025-07-01 16:32:55,698 - INFO - Repertoire de destination: /Users/rahma/Documents/MSPR2/ETL/scripts/../raw_data
2025-07-01 16:32:55,698 - INFO - 
============================================================
2025-07-01 16:32:55,698 - INFO - EXTRACTION: Donnees COVID-19 Worldometer
2025-07-01 16:32:55,698 - INFO - URL: https://raw.githubusercontent.com/owid/covid-19-data/master/public/data/owid-covid-data.csv
2025-07-01 16:32:55,698 - INFO - Fichier: worldometer_coronavirus_daily_data.csv
2025-07-01 16:32:55,698 - INFO - ============================================================
2025-07-01 16:32:55,698 - INFO - Fichier worldometer_coronavirus_daily_data.csv existe deja
2025-07-01 16:32:55,698 - INFO - Integrite verifiee pour worldometer_coronavirus_daily_data.csv (93.83MB)
2025-07-01 16:32:55,698 - INFO - Fichier existant valide, pas de re-telechargement
2025-07-01 16:32:55,698 - INFO - SUCCES: Donnees COVID-19 Worldometer - EXTRACTION REUSSIE
2025-07-01 16:32:55,698 - INFO - 
============================================================
2025-07-01 16:32:55,698 - INFO - EXTRACTION: Donnees MPOX Our World in Data
2025-07-01 16:32:55,698 - INFO - URL: https://raw.githubusercontent.com/owid/monkeypox/main/owid-monkeypox-data.csv
2025-07-01 16:32:55,698 - INFO - Fichier: owid-monkeypox-data.csv
2025-07-01 16:32:55,698 - INFO - ============================================================
2025-07-01 16:32:55,698 - INFO - Fichier owid-monkeypox-data.csv existe deja
2025-07-01 16:32:55,698 - INFO - Integrite verifiee pour owid-monkeypox-data.csv (9.26MB)
2025-07-01 16:32:55,698 - INFO - Fichier existant valide, pas de re-telechargement
2025-07-01 16:32:55,698 - INFO - SUCCES: Donnees MPOX Our World in Data - EXTRACTION REUSSIE
2025-07-01 16:32:55,698 - INFO - 
============================================================
2025-07-01 16:32:55,698 - INFO - RESUME DE L'EXTRACTION
2025-07-01 16:32:55,698 - INFO - ============================================================
2025-07-01 16:32:55,698 - INFO - Donnees COVID-19 Worldometer: REUSSI
2025-07-01 16:32:55,698 - INFO - Donnees MPOX Our World in Data: REUSSI
2025-07-01 16:32:55,698 - INFO - Temps total: 0.00 secondes
2025-07-01 16:32:55,698 - INFO - EXTRACTION COMPLETE - TOUTES LES SOURCES TELECHARGEES
